
*** Running vivado
    with args -log top_module.vds -m64 -product Vivado -mode batch -messageDb vivado.pb -notrace -source top_module.tcl


****** Vivado v2023.2 (64-bit)
  **** SW Build 4029153 on Fri Oct 13 20:13:54 MDT 2023
  **** IP Build 4028589 on Sat Oct 14 00:45:43 MDT 2023
  **** SharedData Build 4025554 on Tue Oct 10 17:18:54 MDT 2023
    ** Copyright 1986-2022 Xilinx, Inc. All Rights Reserved.
    ** Copyright 2022-2023 Advanced Micro Devices, Inc. All Rights Reserved.

source top_module.tcl -notrace
WARNING: [Common 17-1361] You have specified a new message control rule that is equivalent to an existing rule with attributes ' -id {17-179}  -suppress '. The existing rule will be replaced.
WARNING: [Common 17-1361] You have specified a new message control rule that is equivalent to an existing rule with attributes ' -id {17-179}  -suppress '. The existing rule will be replaced.
create_project: Time (s): cpu = 00:00:23 ; elapsed = 00:00:30 . Memory (MB): peak = 1340.809 ; gain = 126.836 ; free physical = 1227 ; free virtual = 5420
Command: read_checkpoint -auto_incremental -incremental /media/nisitha/My_Passport/MOODLE/Vivado_projects/Pipelined_RISCv/riscv_pipe/riscv_pipelined_implt/riscv_pipe_implt.srcs/utils_1/imports/synth_1/top_module.dcp
INFO: [Vivado 12-5825] Read reference checkpoint from /media/nisitha/My_Passport/MOODLE/Vivado_projects/Pipelined_RISCv/riscv_pipe/riscv_pipelined_implt/riscv_pipe_implt.srcs/utils_1/imports/synth_1/top_module.dcp for incremental synthesis
INFO: [Vivado 12-7989] Please ensure there are no constraint changes
Command: synth_design -top top_module -part xc7z010clg400-1
Starting synth_design
Attempting to get a license for feature 'Synthesis' and/or device 'xc7z010'
INFO: [Common 17-349] Got license for feature 'Synthesis' and/or device 'xc7z010'
INFO: [Designutils 20-5440] No compile time benefit to using incremental synthesis; A full resynthesis will be run
INFO: [Designutils 20-4379] Flow is switching to default flow due to incremental criteria not met. If you would like to alter this behaviour and have the flow terminate instead, please set the following parameter config_implementation {autoIncr.Synth.RejectBehavior Terminate}
INFO: [Synth 8-7079] Multithreading enabled for synth_design using a maximum of 4 processes.
INFO: [Synth 8-7078] Launching helper process for spawning children vivado processes
WARNING: [Common 17-1361] You have specified a new message control rule that is equivalent to an existing rule with attributes ' -id {17-179}  -suppress '. The existing rule will be replaced.
INFO: [Synth 8-7075] Helper process launched with PID 141981
---------------------------------------------------------------------------------
Starting Synthesize : Time (s): cpu = 00:00:10 ; elapsed = 00:00:11 . Memory (MB): peak = 1823.125 ; gain = 410.598 ; free physical = 412 ; free virtual = 4605
---------------------------------------------------------------------------------
INFO: [Synth 8-6157] synthesizing module 'top_module' [/media/nisitha/My_Passport/MOODLE/Vivado_projects/Pipelined_RISCv/riscv_pipe/riscv_pipelined_implt/riscv_pipe_implt/riscv_pipe_implt.srcs/sources_1/new/top_module.v:1]
INFO: [Synth 8-6157] synthesizing module 'riscv_module' [/media/nisitha/My_Passport/MOODLE/Vivado_projects/Pipelined_RISCv/riscv_pipe/riscv_pipelined_implt/riscv_pipe_implt/riscv_pipe_implt.srcs/sources_1/new/riscv_module.v:1]
INFO: [Synth 8-6157] synthesizing module 'controller' [/media/nisitha/My_Passport/MOODLE/Vivado_projects/Pipelined_RISCv/riscv_pipe/riscv_pipelined_implt/riscv_pipe_implt/riscv_pipe_implt.srcs/sources_1/new/controller.v:1]
INFO: [Synth 8-6157] synthesizing module 'maindec' [/media/nisitha/My_Passport/MOODLE/Vivado_projects/Pipelined_RISCv/riscv_pipe/riscv_pipelined_implt/riscv_pipe_implt/riscv_pipe_implt.srcs/sources_1/new/maindec.v:1]
INFO: [Synth 8-6155] done synthesizing module 'maindec' (0#1) [/media/nisitha/My_Passport/MOODLE/Vivado_projects/Pipelined_RISCv/riscv_pipe/riscv_pipelined_implt/riscv_pipe_implt/riscv_pipe_implt.srcs/sources_1/new/maindec.v:1]
INFO: [Synth 8-6157] synthesizing module 'aludec' [/media/nisitha/My_Passport/MOODLE/Vivado_projects/Pipelined_RISCv/riscv_pipe/riscv_pipelined_implt/riscv_pipe_implt/riscv_pipe_implt.srcs/sources_1/new/aludec.v:1]
INFO: [Synth 8-226] default block is never used [/media/nisitha/My_Passport/MOODLE/Vivado_projects/Pipelined_RISCv/riscv_pipe/riscv_pipelined_implt/riscv_pipe_implt/riscv_pipe_implt.srcs/sources_1/new/aludec.v:20]
INFO: [Synth 8-6155] done synthesizing module 'aludec' (0#1) [/media/nisitha/My_Passport/MOODLE/Vivado_projects/Pipelined_RISCv/riscv_pipe/riscv_pipelined_implt/riscv_pipe_implt/riscv_pipe_implt.srcs/sources_1/new/aludec.v:1]
INFO: [Synth 8-6157] synthesizing module 'c_id_iex' [/media/nisitha/My_Passport/MOODLE/Vivado_projects/Pipelined_RISCv/riscv_pipe/riscv_pipelined_implt/riscv_pipe_implt/riscv_pipe_implt.srcs/sources_1/new/c_id_iex.v:1]
INFO: [Synth 8-6155] done synthesizing module 'c_id_iex' (0#1) [/media/nisitha/My_Passport/MOODLE/Vivado_projects/Pipelined_RISCv/riscv_pipe/riscv_pipelined_implt/riscv_pipe_implt/riscv_pipe_implt.srcs/sources_1/new/c_id_iex.v:1]
INFO: [Synth 8-6157] synthesizing module 'c_iex_im' [/media/nisitha/My_Passport/MOODLE/Vivado_projects/Pipelined_RISCv/riscv_pipe/riscv_pipelined_implt/riscv_pipe_implt/riscv_pipe_implt.srcs/sources_1/new/c_iex_im.v:1]
INFO: [Synth 8-6155] done synthesizing module 'c_iex_im' (0#1) [/media/nisitha/My_Passport/MOODLE/Vivado_projects/Pipelined_RISCv/riscv_pipe/riscv_pipelined_implt/riscv_pipe_implt/riscv_pipe_implt.srcs/sources_1/new/c_iex_im.v:1]
INFO: [Synth 8-6157] synthesizing module 'c_im_iw' [/media/nisitha/My_Passport/MOODLE/Vivado_projects/Pipelined_RISCv/riscv_pipe/riscv_pipelined_implt/riscv_pipe_implt/riscv_pipe_implt.srcs/sources_1/new/c_im_iw.v:1]
INFO: [Synth 8-6155] done synthesizing module 'c_im_iw' (0#1) [/media/nisitha/My_Passport/MOODLE/Vivado_projects/Pipelined_RISCv/riscv_pipe/riscv_pipelined_implt/riscv_pipe_implt/riscv_pipe_implt.srcs/sources_1/new/c_im_iw.v:1]
INFO: [Synth 8-6155] done synthesizing module 'controller' (0#1) [/media/nisitha/My_Passport/MOODLE/Vivado_projects/Pipelined_RISCv/riscv_pipe/riscv_pipelined_implt/riscv_pipe_implt/riscv_pipe_implt.srcs/sources_1/new/controller.v:1]
INFO: [Synth 8-6157] synthesizing module 'hazardunit' [/media/nisitha/My_Passport/MOODLE/Vivado_projects/Pipelined_RISCv/riscv_pipe/riscv_pipelined_implt/riscv_pipe_implt/riscv_pipe_implt.srcs/sources_1/new/hazardunit.v:1]
INFO: [Synth 8-6155] done synthesizing module 'hazardunit' (0#1) [/media/nisitha/My_Passport/MOODLE/Vivado_projects/Pipelined_RISCv/riscv_pipe/riscv_pipelined_implt/riscv_pipe_implt/riscv_pipe_implt.srcs/sources_1/new/hazardunit.v:1]
INFO: [Synth 8-6157] synthesizing module 'datapath' [/media/nisitha/My_Passport/MOODLE/Vivado_projects/Pipelined_RISCv/riscv_pipe/riscv_pipelined_implt/riscv_pipe_implt/riscv_pipe_implt.srcs/sources_1/new/datapath.v:1]
INFO: [Synth 8-6157] synthesizing module 'mux2' [/media/nisitha/My_Passport/MOODLE/Vivado_projects/Pipelined_RISCv/riscv_pipe/riscv_pipelined_implt/riscv_pipe_implt/riscv_pipe_implt.srcs/sources_1/new/mux2.v:1]
INFO: [Synth 8-6155] done synthesizing module 'mux2' (0#1) [/media/nisitha/My_Passport/MOODLE/Vivado_projects/Pipelined_RISCv/riscv_pipe/riscv_pipelined_implt/riscv_pipe_implt/riscv_pipe_implt.srcs/sources_1/new/mux2.v:1]
INFO: [Synth 8-6157] synthesizing module 'flopenr' [/media/nisitha/My_Passport/MOODLE/Vivado_projects/Pipelined_RISCv/riscv_pipe/riscv_pipelined_implt/riscv_pipe_implt/riscv_pipe_implt.srcs/sources_1/new/flopenr.v:1]
INFO: [Synth 8-6155] done synthesizing module 'flopenr' (0#1) [/media/nisitha/My_Passport/MOODLE/Vivado_projects/Pipelined_RISCv/riscv_pipe/riscv_pipelined_implt/riscv_pipe_implt/riscv_pipe_implt.srcs/sources_1/new/flopenr.v:1]
INFO: [Synth 8-6157] synthesizing module 'adder' [/media/nisitha/My_Passport/MOODLE/Vivado_projects/Pipelined_RISCv/riscv_pipe/riscv_pipelined_implt/riscv_pipe_implt/riscv_pipe_implt.srcs/sources_1/new/adder.v:1]
INFO: [Synth 8-6155] done synthesizing module 'adder' (0#1) [/media/nisitha/My_Passport/MOODLE/Vivado_projects/Pipelined_RISCv/riscv_pipe/riscv_pipelined_implt/riscv_pipe_implt/riscv_pipe_implt.srcs/sources_1/new/adder.v:1]
INFO: [Synth 8-6157] synthesizing module 'if_id' [/media/nisitha/My_Passport/MOODLE/Vivado_projects/Pipelined_RISCv/riscv_pipe/riscv_pipelined_implt/riscv_pipe_implt/riscv_pipe_implt.srcs/sources_1/new/if_id.v:1]
INFO: [Synth 8-6155] done synthesizing module 'if_id' (0#1) [/media/nisitha/My_Passport/MOODLE/Vivado_projects/Pipelined_RISCv/riscv_pipe/riscv_pipelined_implt/riscv_pipe_implt/riscv_pipe_implt.srcs/sources_1/new/if_id.v:1]
INFO: [Synth 8-6157] synthesizing module 'regfile' [/media/nisitha/My_Passport/MOODLE/Vivado_projects/Pipelined_RISCv/riscv_pipe/riscv_pipelined_implt/riscv_pipe_implt/riscv_pipe_implt.srcs/sources_1/new/regfile.v:1]
INFO: [Synth 8-6155] done synthesizing module 'regfile' (0#1) [/media/nisitha/My_Passport/MOODLE/Vivado_projects/Pipelined_RISCv/riscv_pipe/riscv_pipelined_implt/riscv_pipe_implt/riscv_pipe_implt.srcs/sources_1/new/regfile.v:1]
INFO: [Synth 8-6157] synthesizing module 'extend' [/media/nisitha/My_Passport/MOODLE/Vivado_projects/Pipelined_RISCv/riscv_pipe/riscv_pipelined_implt/riscv_pipe_implt/riscv_pipe_implt.srcs/sources_1/new/extend.v:1]
INFO: [Synth 8-6155] done synthesizing module 'extend' (0#1) [/media/nisitha/My_Passport/MOODLE/Vivado_projects/Pipelined_RISCv/riscv_pipe/riscv_pipelined_implt/riscv_pipe_implt/riscv_pipe_implt.srcs/sources_1/new/extend.v:1]
INFO: [Synth 8-6157] synthesizing module 'id_iex' [/media/nisitha/My_Passport/MOODLE/Vivado_projects/Pipelined_RISCv/riscv_pipe/riscv_pipelined_implt/riscv_pipe_implt/riscv_pipe_implt.srcs/sources_1/new/id_iex.v:1]
INFO: [Synth 8-6155] done synthesizing module 'id_iex' (0#1) [/media/nisitha/My_Passport/MOODLE/Vivado_projects/Pipelined_RISCv/riscv_pipe/riscv_pipelined_implt/riscv_pipe_implt/riscv_pipe_implt.srcs/sources_1/new/id_iex.v:1]
INFO: [Synth 8-6157] synthesizing module 'mux3' [/media/nisitha/My_Passport/MOODLE/Vivado_projects/Pipelined_RISCv/riscv_pipe/riscv_pipelined_implt/riscv_pipe_implt/riscv_pipe_implt.srcs/sources_1/new/mux3.v:1]
INFO: [Synth 8-6155] done synthesizing module 'mux3' (0#1) [/media/nisitha/My_Passport/MOODLE/Vivado_projects/Pipelined_RISCv/riscv_pipe/riscv_pipelined_implt/riscv_pipe_implt/riscv_pipe_implt.srcs/sources_1/new/mux3.v:1]
INFO: [Synth 8-6157] synthesizing module 'alu' [/media/nisitha/My_Passport/MOODLE/Vivado_projects/Pipelined_RISCv/riscv_pipe/riscv_pipelined_implt/riscv_pipe_implt/riscv_pipe_implt.srcs/sources_1/new/alu.v:1]
INFO: [Synth 8-6155] done synthesizing module 'alu' (0#1) [/media/nisitha/My_Passport/MOODLE/Vivado_projects/Pipelined_RISCv/riscv_pipe/riscv_pipelined_implt/riscv_pipe_implt/riscv_pipe_implt.srcs/sources_1/new/alu.v:1]
INFO: [Synth 8-6157] synthesizing module 'iex_imem' [/media/nisitha/My_Passport/MOODLE/Vivado_projects/Pipelined_RISCv/riscv_pipe/riscv_pipelined_implt/riscv_pipe_implt/riscv_pipe_implt.srcs/sources_1/new/iex_imem.v:1]
INFO: [Synth 8-6155] done synthesizing module 'iex_imem' (0#1) [/media/nisitha/My_Passport/MOODLE/Vivado_projects/Pipelined_RISCv/riscv_pipe/riscv_pipelined_implt/riscv_pipe_implt/riscv_pipe_implt.srcs/sources_1/new/iex_imem.v:1]
INFO: [Synth 8-6157] synthesizing module 'imem_iw' [/media/nisitha/My_Passport/MOODLE/Vivado_projects/Pipelined_RISCv/riscv_pipe/riscv_pipelined_implt/riscv_pipe_implt/riscv_pipe_implt.srcs/sources_1/new/imem_iw.v:1]
INFO: [Synth 8-6155] done synthesizing module 'imem_iw' (0#1) [/media/nisitha/My_Passport/MOODLE/Vivado_projects/Pipelined_RISCv/riscv_pipe/riscv_pipelined_implt/riscv_pipe_implt/riscv_pipe_implt.srcs/sources_1/new/imem_iw.v:1]
INFO: [Synth 8-6155] done synthesizing module 'datapath' (0#1) [/media/nisitha/My_Passport/MOODLE/Vivado_projects/Pipelined_RISCv/riscv_pipe/riscv_pipelined_implt/riscv_pipe_implt/riscv_pipe_implt.srcs/sources_1/new/datapath.v:1]
INFO: [Synth 8-6155] done synthesizing module 'riscv_module' (0#1) [/media/nisitha/My_Passport/MOODLE/Vivado_projects/Pipelined_RISCv/riscv_pipe/riscv_pipelined_implt/riscv_pipe_implt/riscv_pipe_implt.srcs/sources_1/new/riscv_module.v:1]
INFO: [Synth 8-6157] synthesizing module 'imem' [/media/nisitha/My_Passport/MOODLE/Vivado_projects/Pipelined_RISCv/riscv_pipe/riscv_pipelined_implt/riscv_pipe_implt/riscv_pipe_implt.srcs/sources_1/new/imem.v:1]
INFO: [Synth 8-6155] done synthesizing module 'imem' (0#1) [/media/nisitha/My_Passport/MOODLE/Vivado_projects/Pipelined_RISCv/riscv_pipe/riscv_pipelined_implt/riscv_pipe_implt/riscv_pipe_implt.srcs/sources_1/new/imem.v:1]
WARNING: [Synth 8-6104] Input port 'instrf' has an internal driver [/media/nisitha/My_Passport/MOODLE/Vivado_projects/Pipelined_RISCv/riscv_pipe/riscv_pipelined_implt/riscv_pipe_implt/riscv_pipe_implt.srcs/sources_1/new/top_module.v:34]
INFO: [Synth 8-6157] synthesizing module 'dmem' [/media/nisitha/My_Passport/MOODLE/Vivado_projects/Pipelined_RISCv/riscv_pipe/riscv_pipelined_implt/riscv_pipe_implt/riscv_pipe_implt.srcs/sources_1/new/dmem.v:1]
INFO: [Synth 8-6155] done synthesizing module 'dmem' (0#1) [/media/nisitha/My_Passport/MOODLE/Vivado_projects/Pipelined_RISCv/riscv_pipe/riscv_pipelined_implt/riscv_pipe_implt/riscv_pipe_implt.srcs/sources_1/new/dmem.v:1]
INFO: [Synth 8-6155] done synthesizing module 'top_module' (0#1) [/media/nisitha/My_Passport/MOODLE/Vivado_projects/Pipelined_RISCv/riscv_pipe/riscv_pipelined_implt/riscv_pipe_implt/riscv_pipe_implt.srcs/sources_1/new/top_module.v:1]
WARNING: [Synth 8-7129] Port a[31] in module dmem is either unconnected or has no load
WARNING: [Synth 8-7129] Port a[30] in module dmem is either unconnected or has no load
WARNING: [Synth 8-7129] Port a[29] in module dmem is either unconnected or has no load
WARNING: [Synth 8-7129] Port a[28] in module dmem is either unconnected or has no load
WARNING: [Synth 8-7129] Port a[27] in module dmem is either unconnected or has no load
WARNING: [Synth 8-7129] Port a[26] in module dmem is either unconnected or has no load
WARNING: [Synth 8-7129] Port a[25] in module dmem is either unconnected or has no load
WARNING: [Synth 8-7129] Port a[24] in module dmem is either unconnected or has no load
WARNING: [Synth 8-7129] Port a[23] in module dmem is either unconnected or has no load
WARNING: [Synth 8-7129] Port a[22] in module dmem is either unconnected or has no load
WARNING: [Synth 8-7129] Port a[21] in module dmem is either unconnected or has no load
WARNING: [Synth 8-7129] Port a[20] in module dmem is either unconnected or has no load
WARNING: [Synth 8-7129] Port a[19] in module dmem is either unconnected or has no load
WARNING: [Synth 8-7129] Port a[18] in module dmem is either unconnected or has no load
WARNING: [Synth 8-7129] Port a[17] in module dmem is either unconnected or has no load
WARNING: [Synth 8-7129] Port a[16] in module dmem is either unconnected or has no load
WARNING: [Synth 8-7129] Port a[15] in module dmem is either unconnected or has no load
WARNING: [Synth 8-7129] Port a[14] in module dmem is either unconnected or has no load
WARNING: [Synth 8-7129] Port a[13] in module dmem is either unconnected or has no load
WARNING: [Synth 8-7129] Port a[12] in module dmem is either unconnected or has no load
WARNING: [Synth 8-7129] Port a[11] in module dmem is either unconnected or has no load
WARNING: [Synth 8-7129] Port a[10] in module dmem is either unconnected or has no load
WARNING: [Synth 8-7129] Port a[1] in module dmem is either unconnected or has no load
WARNING: [Synth 8-7129] Port a[0] in module dmem is either unconnected or has no load
WARNING: [Synth 8-7129] Port instr[6] in module extend is either unconnected or has no load
WARNING: [Synth 8-7129] Port instr[5] in module extend is either unconnected or has no load
WARNING: [Synth 8-7129] Port instr[4] in module extend is either unconnected or has no load
WARNING: [Synth 8-7129] Port instr[3] in module extend is either unconnected or has no load
WARNING: [Synth 8-7129] Port instr[2] in module extend is either unconnected or has no load
WARNING: [Synth 8-7129] Port instr[1] in module extend is either unconnected or has no load
WARNING: [Synth 8-7129] Port instr[0] in module extend is either unconnected or has no load
---------------------------------------------------------------------------------
Finished Synthesize : Time (s): cpu = 00:00:15 ; elapsed = 00:00:16 . Memory (MB): peak = 1901.062 ; gain = 488.535 ; free physical = 293 ; free virtual = 4489
---------------------------------------------------------------------------------
---------------------------------------------------------------------------------
Finished Constraint Validation : Time (s): cpu = 00:00:16 ; elapsed = 00:00:18 . Memory (MB): peak = 1918.875 ; gain = 506.348 ; free physical = 298 ; free virtual = 4496
---------------------------------------------------------------------------------
---------------------------------------------------------------------------------
Start Loading Part and Timing Information
---------------------------------------------------------------------------------
Loading part: xc7z010clg400-1
INFO: [Device 21-403] Loading part xc7z010clg400-1
---------------------------------------------------------------------------------
Finished Loading Part and Timing Information : Time (s): cpu = 00:00:16 ; elapsed = 00:00:18 . Memory (MB): peak = 1926.879 ; gain = 514.352 ; free physical = 298 ; free virtual = 4496
---------------------------------------------------------------------------------
---------------------------------------------------------------------------------
Finished RTL Optimization Phase 2 : Time (s): cpu = 00:00:18 ; elapsed = 00:00:19 . Memory (MB): peak = 1943.793 ; gain = 531.266 ; free physical = 266 ; free virtual = 4469
---------------------------------------------------------------------------------
No constraint files found.
---------------------------------------------------------------------------------
Start RTL Component Statistics 
---------------------------------------------------------------------------------
Detailed RTL Component Info : 
+---Adders : 
	   2 Input   32 Bit       Adders := 2     
	   3 Input   32 Bit       Adders := 1     
	   2 Input    7 Bit       Adders := 3     
+---XORs : 
	   2 Input     32 Bit         XORs := 1     
	   2 Input      1 Bit         XORs := 4     
	   3 Input      1 Bit         XORs := 1     
+---Registers : 
	               32 Bit    Registers := 15    
	                5 Bit    Registers := 5     
	                4 Bit    Registers := 1     
	                3 Bit    Registers := 1     
	                2 Bit    Registers := 4     
	                1 Bit    Registers := 9     
+---Muxes : 
	   2 Input   32 Bit        Muxes := 22    
	  10 Input   32 Bit        Muxes := 1     
	  11 Input   11 Bit        Muxes := 1     
	   2 Input    5 Bit        Muxes := 3     
	   9 Input    4 Bit        Muxes := 1     
	   2 Input    4 Bit        Muxes := 3     
	   2 Input    3 Bit        Muxes := 1     
	   2 Input    2 Bit        Muxes := 4     
	   2 Input    1 Bit        Muxes := 2     
---------------------------------------------------------------------------------
Finished RTL Component Statistics 
---------------------------------------------------------------------------------
---------------------------------------------------------------------------------
Start Part Resource Summary
---------------------------------------------------------------------------------
Part Resources:
DSPs: 80 (col length:40)
BRAMs: 120 (col length: RAMB18 40 RAMB36 20)
---------------------------------------------------------------------------------
Finished Part Resource Summary
---------------------------------------------------------------------------------
No constraint files found.
---------------------------------------------------------------------------------
Start Cross Boundary and Area Optimization
---------------------------------------------------------------------------------
WARNING: [Synth 8-7080] Parallel synthesis criteria is not met
---------------------------------------------------------------------------------
Finished Cross Boundary and Area Optimization : Time (s): cpu = 00:00:52 ; elapsed = 00:00:58 . Memory (MB): peak = 2114.348 ; gain = 701.820 ; free physical = 174 ; free virtual = 4343
---------------------------------------------------------------------------------
---------------------------------------------------------------------------------
Start ROM, RAM, DSP, Shift Register and Retiming Reporting
---------------------------------------------------------------------------------

ROM: Preliminary Mapping Report
+------------+------------+---------------+----------------+
|Module Name | RTL Object | Depth x Width | Implemented As | 
+------------+------------+---------------+----------------+
|imem        | ram        | 128x8         | LUT            | 
|imem        | ram        | 128x8         | LUT            | 
|imem        | ram        | 128x8         | LUT            | 
|imem        | ram        | 128x8         | LUT            | 
+------------+------------+---------------+----------------+


Distributed RAM: Preliminary Mapping Report (see note below)
+------------+----------------------------+-----------+----------------------+-----------------+
|Module Name | RTL Object                 | Inference | Size (Depth x Width) | Primitives      | 
+------------+----------------------------+-----------+----------------------+-----------------+
|top_module  | dmem_inst/ram_reg          | Implied   | 256 x 32             | RAM256X1S x 32  | 
|top_module  | rv/datapath_01/u_rf/rf_reg | Implied   | 32 x 32              | RAM32M x 12     | 
+------------+----------------------------+-----------+----------------------+-----------------+

Note: The table above is a preliminary report that shows the Distributed RAMs at the current stage of the synthesis flow. Some Distributed RAMs may be reimplemented as non Distributed RAM primitives later in the synthesis flow. Multiple instantiated RAMs are reported only once.
---------------------------------------------------------------------------------
Finished ROM, RAM, DSP, Shift Register and Retiming Reporting
---------------------------------------------------------------------------------
No constraint files found.
---------------------------------------------------------------------------------
Start Timing Optimization
---------------------------------------------------------------------------------
---------------------------------------------------------------------------------
Finished Timing Optimization : Time (s): cpu = 00:00:57 ; elapsed = 00:01:03 . Memory (MB): peak = 2120.285 ; gain = 707.758 ; free physical = 177 ; free virtual = 4332
---------------------------------------------------------------------------------
---------------------------------------------------------------------------------
Start ROM, RAM, DSP, Shift Register and Retiming Reporting
---------------------------------------------------------------------------------

Distributed RAM: Final Mapping Report
+------------+----------------------------+-----------+----------------------+-----------------+
|Module Name | RTL Object                 | Inference | Size (Depth x Width) | Primitives      | 
+------------+----------------------------+-----------+----------------------+-----------------+
|top_module  | dmem_inst/ram_reg          | Implied   | 256 x 32             | RAM256X1S x 32  | 
|top_module  | rv/datapath_01/u_rf/rf_reg | Implied   | 32 x 32              | RAM32M x 12     | 
+------------+----------------------------+-----------+----------------------+-----------------+

---------------------------------------------------------------------------------
Finished ROM, RAM, DSP, Shift Register and Retiming Reporting
---------------------------------------------------------------------------------
---------------------------------------------------------------------------------
Start Technology Mapping
---------------------------------------------------------------------------------
---------------------------------------------------------------------------------
Finished Technology Mapping : Time (s): cpu = 00:01:00 ; elapsed = 00:01:06 . Memory (MB): peak = 2120.285 ; gain = 707.758 ; free physical = 202 ; free virtual = 4359
---------------------------------------------------------------------------------
---------------------------------------------------------------------------------
Start IO Insertion
---------------------------------------------------------------------------------
---------------------------------------------------------------------------------
Start Flattening Before IO Insertion
---------------------------------------------------------------------------------
---------------------------------------------------------------------------------
Finished Flattening Before IO Insertion
---------------------------------------------------------------------------------
---------------------------------------------------------------------------------
Start Final Netlist Cleanup
---------------------------------------------------------------------------------
---------------------------------------------------------------------------------
Finished Final Netlist Cleanup
---------------------------------------------------------------------------------
---------------------------------------------------------------------------------
Finished IO Insertion : Time (s): cpu = 00:01:13 ; elapsed = 00:01:19 . Memory (MB): peak = 2120.285 ; gain = 707.758 ; free physical = 181 ; free virtual = 4359
---------------------------------------------------------------------------------
---------------------------------------------------------------------------------
Start Renaming Generated Instances
---------------------------------------------------------------------------------
---------------------------------------------------------------------------------
Finished Renaming Generated Instances : Time (s): cpu = 00:01:13 ; elapsed = 00:01:19 . Memory (MB): peak = 2120.285 ; gain = 707.758 ; free physical = 181 ; free virtual = 4359
---------------------------------------------------------------------------------
CRITICAL WARNING: [Synth 8-6859] multi-driven net on pin instrf_IBUF[0] with 1st driver pin 'instrf_IBUF[0]_inst/O' [/media/nisitha/My_Passport/MOODLE/Vivado_projects/Pipelined_RISCv/riscv_pipe/riscv_pipelined_implt/riscv_pipe_implt/riscv_pipe_implt.srcs/sources_1/new/top_module.v:1]
CRITICAL WARNING: [Synth 8-6859] multi-driven net on pin instrf_IBUF[0] with 2nd driver pin 'imem_inst/instrd[0]_i_2/O' [/media/nisitha/My_Passport/MOODLE/Vivado_projects/Pipelined_RISCv/riscv_pipe/riscv_pipelined_implt/riscv_pipe_implt/riscv_pipe_implt.srcs/sources_1/new/imem.v:6]
CRITICAL WARNING: [Synth 8-6859] multi-driven net on pin instrf_IBUF[1] with 1st driver pin 'instrf_IBUF[1]_inst/O' [/media/nisitha/My_Passport/MOODLE/Vivado_projects/Pipelined_RISCv/riscv_pipe/riscv_pipelined_implt/riscv_pipe_implt/riscv_pipe_implt.srcs/sources_1/new/top_module.v:1]
CRITICAL WARNING: [Synth 8-6859] multi-driven net on pin instrf_IBUF[1] with 2nd driver pin 'imem_inst/instrd[1]_i_2/O' [/media/nisitha/My_Passport/MOODLE/Vivado_projects/Pipelined_RISCv/riscv_pipe/riscv_pipelined_implt/riscv_pipe_implt/riscv_pipe_implt.srcs/sources_1/new/imem.v:6]
CRITICAL WARNING: [Synth 8-6859] multi-driven net on pin instrf_IBUF[2] with 1st driver pin 'instrf_IBUF[2]_inst/O' [/media/nisitha/My_Passport/MOODLE/Vivado_projects/Pipelined_RISCv/riscv_pipe/riscv_pipelined_implt/riscv_pipe_implt/riscv_pipe_implt.srcs/sources_1/new/top_module.v:1]
CRITICAL WARNING: [Synth 8-6859] multi-driven net on pin instrf_IBUF[2] with 2nd driver pin 'imem_inst/instrd[2]_i_2/O' [/media/nisitha/My_Passport/MOODLE/Vivado_projects/Pipelined_RISCv/riscv_pipe/riscv_pipelined_implt/riscv_pipe_implt/riscv_pipe_implt.srcs/sources_1/new/imem.v:6]
CRITICAL WARNING: [Synth 8-6859] multi-driven net on pin instrf_IBUF[3] with 1st driver pin 'instrf_IBUF[3]_inst/O' [/media/nisitha/My_Passport/MOODLE/Vivado_projects/Pipelined_RISCv/riscv_pipe/riscv_pipelined_implt/riscv_pipe_implt/riscv_pipe_implt.srcs/sources_1/new/top_module.v:1]
CRITICAL WARNING: [Synth 8-6859] multi-driven net on pin instrf_IBUF[3] with 2nd driver pin 'imem_inst/instrd[3]_i_2/O' [/media/nisitha/My_Passport/MOODLE/Vivado_projects/Pipelined_RISCv/riscv_pipe/riscv_pipelined_implt/riscv_pipe_implt/riscv_pipe_implt.srcs/sources_1/new/imem.v:6]
CRITICAL WARNING: [Synth 8-6859] multi-driven net on pin instrf_IBUF[4] with 1st driver pin 'instrf_IBUF[4]_inst/O' [/media/nisitha/My_Passport/MOODLE/Vivado_projects/Pipelined_RISCv/riscv_pipe/riscv_pipelined_implt/riscv_pipe_implt/riscv_pipe_implt.srcs/sources_1/new/top_module.v:1]
CRITICAL WARNING: [Synth 8-6859] multi-driven net on pin instrf_IBUF[4] with 2nd driver pin 'imem_inst/instrd[4]_i_2/O' [/media/nisitha/My_Passport/MOODLE/Vivado_projects/Pipelined_RISCv/riscv_pipe/riscv_pipelined_implt/riscv_pipe_implt/riscv_pipe_implt.srcs/sources_1/new/imem.v:6]
CRITICAL WARNING: [Synth 8-6859] multi-driven net on pin instrf_IBUF[5] with 1st driver pin 'instrf_IBUF[5]_inst/O' [/media/nisitha/My_Passport/MOODLE/Vivado_projects/Pipelined_RISCv/riscv_pipe/riscv_pipelined_implt/riscv_pipe_implt/riscv_pipe_implt.srcs/sources_1/new/top_module.v:1]
CRITICAL WARNING: [Synth 8-6859] multi-driven net on pin instrf_IBUF[5] with 2nd driver pin 'imem_inst/instrd[5]_i_2/O' [/media/nisitha/My_Passport/MOODLE/Vivado_projects/Pipelined_RISCv/riscv_pipe/riscv_pipelined_implt/riscv_pipe_implt/riscv_pipe_implt.srcs/sources_1/new/imem.v:6]
CRITICAL WARNING: [Synth 8-6859] multi-driven net on pin instrf_IBUF[6] with 1st driver pin 'instrf_IBUF[6]_inst/O' [/media/nisitha/My_Passport/MOODLE/Vivado_projects/Pipelined_RISCv/riscv_pipe/riscv_pipelined_implt/riscv_pipe_implt/riscv_pipe_implt.srcs/sources_1/new/top_module.v:1]
CRITICAL WARNING: [Synth 8-6859] multi-driven net on pin instrf_IBUF[6] with 2nd driver pin 'imem_inst/instrd[6]_i_2/O' [/media/nisitha/My_Passport/MOODLE/Vivado_projects/Pipelined_RISCv/riscv_pipe/riscv_pipelined_implt/riscv_pipe_implt/riscv_pipe_implt.srcs/sources_1/new/imem.v:6]
CRITICAL WARNING: [Synth 8-6859] multi-driven net on pin instrf_IBUF[7] with 1st driver pin 'instrf_IBUF[7]_inst/O' [/media/nisitha/My_Passport/MOODLE/Vivado_projects/Pipelined_RISCv/riscv_pipe/riscv_pipelined_implt/riscv_pipe_implt/riscv_pipe_implt.srcs/sources_1/new/top_module.v:1]
CRITICAL WARNING: [Synth 8-6859] multi-driven net on pin instrf_IBUF[7] with 2nd driver pin 'imem_inst/instrd[7]_i_2/O' [/media/nisitha/My_Passport/MOODLE/Vivado_projects/Pipelined_RISCv/riscv_pipe/riscv_pipelined_implt/riscv_pipe_implt/riscv_pipe_implt.srcs/sources_1/new/imem.v:6]
CRITICAL WARNING: [Synth 8-6859] multi-driven net on pin instrf_IBUF[16] with 1st driver pin 'instrf_IBUF[16]_inst/O' [/media/nisitha/My_Passport/MOODLE/Vivado_projects/Pipelined_RISCv/riscv_pipe/riscv_pipelined_implt/riscv_pipe_implt/riscv_pipe_implt.srcs/sources_1/new/top_module.v:1]
CRITICAL WARNING: [Synth 8-6859] multi-driven net on pin instrf_IBUF[16] with 2nd driver pin 'imem_inst/instrd[16]_i_2/O' [/media/nisitha/My_Passport/MOODLE/Vivado_projects/Pipelined_RISCv/riscv_pipe/riscv_pipelined_implt/riscv_pipe_implt/riscv_pipe_implt.srcs/sources_1/new/imem.v:6]
CRITICAL WARNING: [Synth 8-6859] multi-driven net on pin instrf_IBUF[17] with 1st driver pin 'instrf_IBUF[17]_inst/O' [/media/nisitha/My_Passport/MOODLE/Vivado_projects/Pipelined_RISCv/riscv_pipe/riscv_pipelined_implt/riscv_pipe_implt/riscv_pipe_implt.srcs/sources_1/new/top_module.v:1]
CRITICAL WARNING: [Synth 8-6859] multi-driven net on pin instrf_IBUF[17] with 2nd driver pin 'imem_inst/instrd[17]_i_2/O' [/media/nisitha/My_Passport/MOODLE/Vivado_projects/Pipelined_RISCv/riscv_pipe/riscv_pipelined_implt/riscv_pipe_implt/riscv_pipe_implt.srcs/sources_1/new/imem.v:6]
CRITICAL WARNING: [Synth 8-6859] multi-driven net on pin instrf_IBUF[18] with 1st driver pin 'instrf_IBUF[18]_inst/O' [/media/nisitha/My_Passport/MOODLE/Vivado_projects/Pipelined_RISCv/riscv_pipe/riscv_pipelined_implt/riscv_pipe_implt/riscv_pipe_implt.srcs/sources_1/new/top_module.v:1]
CRITICAL WARNING: [Synth 8-6859] multi-driven net on pin instrf_IBUF[18] with 2nd driver pin 'imem_inst/instrd[18]_i_2/O' [/media/nisitha/My_Passport/MOODLE/Vivado_projects/Pipelined_RISCv/riscv_pipe/riscv_pipelined_implt/riscv_pipe_implt/riscv_pipe_implt.srcs/sources_1/new/imem.v:6]
CRITICAL WARNING: [Synth 8-6859] multi-driven net on pin instrf_IBUF[19] with 1st driver pin 'instrf_IBUF[19]_inst/O' [/media/nisitha/My_Passport/MOODLE/Vivado_projects/Pipelined_RISCv/riscv_pipe/riscv_pipelined_implt/riscv_pipe_implt/riscv_pipe_implt.srcs/sources_1/new/top_module.v:1]
CRITICAL WARNING: [Synth 8-6859] multi-driven net on pin instrf_IBUF[19] with 2nd driver pin 'imem_inst/instrd[19]_i_2/O' [/media/nisitha/My_Passport/MOODLE/Vivado_projects/Pipelined_RISCv/riscv_pipe/riscv_pipelined_implt/riscv_pipe_implt/riscv_pipe_implt.srcs/sources_1/new/imem.v:6]
CRITICAL WARNING: [Synth 8-6859] multi-driven net on pin instrf_IBUF[20] with 1st driver pin 'instrf_IBUF[20]_inst/O' [/media/nisitha/My_Passport/MOODLE/Vivado_projects/Pipelined_RISCv/riscv_pipe/riscv_pipelined_implt/riscv_pipe_implt/riscv_pipe_implt.srcs/sources_1/new/top_module.v:1]
CRITICAL WARNING: [Synth 8-6859] multi-driven net on pin instrf_IBUF[20] with 2nd driver pin 'imem_inst/instrd[20]_i_2/O' [/media/nisitha/My_Passport/MOODLE/Vivado_projects/Pipelined_RISCv/riscv_pipe/riscv_pipelined_implt/riscv_pipe_implt/riscv_pipe_implt.srcs/sources_1/new/imem.v:6]
CRITICAL WARNING: [Synth 8-6859] multi-driven net on pin instrf_IBUF[21] with 1st driver pin 'instrf_IBUF[21]_inst/O' [/media/nisitha/My_Passport/MOODLE/Vivado_projects/Pipelined_RISCv/riscv_pipe/riscv_pipelined_implt/riscv_pipe_implt/riscv_pipe_implt.srcs/sources_1/new/top_module.v:1]
CRITICAL WARNING: [Synth 8-6859] multi-driven net on pin instrf_IBUF[21] with 2nd driver pin 'imem_inst/instrd[21]_i_2/O' [/media/nisitha/My_Passport/MOODLE/Vivado_projects/Pipelined_RISCv/riscv_pipe/riscv_pipelined_implt/riscv_pipe_implt/riscv_pipe_implt.srcs/sources_1/new/imem.v:6]
CRITICAL WARNING: [Synth 8-6859] multi-driven net on pin instrf_IBUF[22] with 1st driver pin 'instrf_IBUF[22]_inst/O' [/media/nisitha/My_Passport/MOODLE/Vivado_projects/Pipelined_RISCv/riscv_pipe/riscv_pipelined_implt/riscv_pipe_implt/riscv_pipe_implt.srcs/sources_1/new/top_module.v:1]
CRITICAL WARNING: [Synth 8-6859] multi-driven net on pin instrf_IBUF[22] with 2nd driver pin 'imem_inst/instrd[22]_i_2/O' [/media/nisitha/My_Passport/MOODLE/Vivado_projects/Pipelined_RISCv/riscv_pipe/riscv_pipelined_implt/riscv_pipe_implt/riscv_pipe_implt.srcs/sources_1/new/imem.v:6]
CRITICAL WARNING: [Synth 8-6859] multi-driven net on pin instrf_IBUF[23] with 1st driver pin 'instrf_IBUF[23]_inst/O' [/media/nisitha/My_Passport/MOODLE/Vivado_projects/Pipelined_RISCv/riscv_pipe/riscv_pipelined_implt/riscv_pipe_implt/riscv_pipe_implt.srcs/sources_1/new/top_module.v:1]
CRITICAL WARNING: [Synth 8-6859] multi-driven net on pin instrf_IBUF[23] with 2nd driver pin 'imem_inst/instrd[23]_i_2/O' [/media/nisitha/My_Passport/MOODLE/Vivado_projects/Pipelined_RISCv/riscv_pipe/riscv_pipelined_implt/riscv_pipe_implt/riscv_pipe_implt.srcs/sources_1/new/imem.v:6]
CRITICAL WARNING: [Synth 8-6859] multi-driven net on pin instrf_IBUF[8] with 1st driver pin 'instrf_IBUF[8]_inst/O' [/media/nisitha/My_Passport/MOODLE/Vivado_projects/Pipelined_RISCv/riscv_pipe/riscv_pipelined_implt/riscv_pipe_implt/riscv_pipe_implt.srcs/sources_1/new/top_module.v:1]
CRITICAL WARNING: [Synth 8-6859] multi-driven net on pin instrf_IBUF[8] with 2nd driver pin 'instrd[8]_i_2/O' [/media/nisitha/My_Passport/MOODLE/Vivado_projects/Pipelined_RISCv/riscv_pipe/riscv_pipelined_implt/riscv_pipe_implt/riscv_pipe_implt.srcs/sources_1/new/imem.v:6]
CRITICAL WARNING: [Synth 8-6859] multi-driven net on pin instrf_IBUF[9] with 1st driver pin 'instrf_IBUF[9]_inst/O' [/media/nisitha/My_Passport/MOODLE/Vivado_projects/Pipelined_RISCv/riscv_pipe/riscv_pipelined_implt/riscv_pipe_implt/riscv_pipe_implt.srcs/sources_1/new/top_module.v:1]
CRITICAL WARNING: [Synth 8-6859] multi-driven net on pin instrf_IBUF[9] with 2nd driver pin 'instrd[9]_i_2/O' [/media/nisitha/My_Passport/MOODLE/Vivado_projects/Pipelined_RISCv/riscv_pipe/riscv_pipelined_implt/riscv_pipe_implt/riscv_pipe_implt.srcs/sources_1/new/imem.v:6]
CRITICAL WARNING: [Synth 8-6859] multi-driven net on pin instrf_IBUF[10] with 1st driver pin 'instrf_IBUF[10]_inst/O' [/media/nisitha/My_Passport/MOODLE/Vivado_projects/Pipelined_RISCv/riscv_pipe/riscv_pipelined_implt/riscv_pipe_implt/riscv_pipe_implt.srcs/sources_1/new/top_module.v:1]
CRITICAL WARNING: [Synth 8-6859] multi-driven net on pin instrf_IBUF[10] with 2nd driver pin 'instrd[10]_i_2/O' [/media/nisitha/My_Passport/MOODLE/Vivado_projects/Pipelined_RISCv/riscv_pipe/riscv_pipelined_implt/riscv_pipe_implt/riscv_pipe_implt.srcs/sources_1/new/imem.v:6]
CRITICAL WARNING: [Synth 8-6859] multi-driven net on pin instrf_IBUF[11] with 1st driver pin 'instrf_IBUF[11]_inst/O' [/media/nisitha/My_Passport/MOODLE/Vivado_projects/Pipelined_RISCv/riscv_pipe/riscv_pipelined_implt/riscv_pipe_implt/riscv_pipe_implt.srcs/sources_1/new/top_module.v:1]
CRITICAL WARNING: [Synth 8-6859] multi-driven net on pin instrf_IBUF[11] with 2nd driver pin 'instrd[11]_i_2/O' [/media/nisitha/My_Passport/MOODLE/Vivado_projects/Pipelined_RISCv/riscv_pipe/riscv_pipelined_implt/riscv_pipe_implt/riscv_pipe_implt.srcs/sources_1/new/imem.v:6]
CRITICAL WARNING: [Synth 8-6859] multi-driven net on pin instrf_IBUF[12] with 1st driver pin 'instrf_IBUF[12]_inst/O' [/media/nisitha/My_Passport/MOODLE/Vivado_projects/Pipelined_RISCv/riscv_pipe/riscv_pipelined_implt/riscv_pipe_implt/riscv_pipe_implt.srcs/sources_1/new/top_module.v:1]
CRITICAL WARNING: [Synth 8-6859] multi-driven net on pin instrf_IBUF[12] with 2nd driver pin 'instrd[12]_i_2/O' [/media/nisitha/My_Passport/MOODLE/Vivado_projects/Pipelined_RISCv/riscv_pipe/riscv_pipelined_implt/riscv_pipe_implt/riscv_pipe_implt.srcs/sources_1/new/imem.v:6]
CRITICAL WARNING: [Synth 8-6859] multi-driven net on pin instrf_IBUF[13] with 1st driver pin 'instrf_IBUF[13]_inst/O' [/media/nisitha/My_Passport/MOODLE/Vivado_projects/Pipelined_RISCv/riscv_pipe/riscv_pipelined_implt/riscv_pipe_implt/riscv_pipe_implt.srcs/sources_1/new/top_module.v:1]
CRITICAL WARNING: [Synth 8-6859] multi-driven net on pin instrf_IBUF[13] with 2nd driver pin 'instrd[13]_i_2/O' [/media/nisitha/My_Passport/MOODLE/Vivado_projects/Pipelined_RISCv/riscv_pipe/riscv_pipelined_implt/riscv_pipe_implt/riscv_pipe_implt.srcs/sources_1/new/imem.v:6]
CRITICAL WARNING: [Synth 8-6859] multi-driven net on pin instrf_IBUF[14] with 1st driver pin 'instrf_IBUF[14]_inst/O' [/media/nisitha/My_Passport/MOODLE/Vivado_projects/Pipelined_RISCv/riscv_pipe/riscv_pipelined_implt/riscv_pipe_implt/riscv_pipe_implt.srcs/sources_1/new/top_module.v:1]
CRITICAL WARNING: [Synth 8-6859] multi-driven net on pin instrf_IBUF[14] with 2nd driver pin 'instrd[14]_i_2/O' [/media/nisitha/My_Passport/MOODLE/Vivado_projects/Pipelined_RISCv/riscv_pipe/riscv_pipelined_implt/riscv_pipe_implt/riscv_pipe_implt.srcs/sources_1/new/imem.v:6]
CRITICAL WARNING: [Synth 8-6859] multi-driven net on pin instrf_IBUF[15] with 1st driver pin 'instrf_IBUF[15]_inst/O' [/media/nisitha/My_Passport/MOODLE/Vivado_projects/Pipelined_RISCv/riscv_pipe/riscv_pipelined_implt/riscv_pipe_implt/riscv_pipe_implt.srcs/sources_1/new/top_module.v:1]
CRITICAL WARNING: [Synth 8-6859] multi-driven net on pin instrf_IBUF[15] with 2nd driver pin 'instrd[15]_i_2/O' [/media/nisitha/My_Passport/MOODLE/Vivado_projects/Pipelined_RISCv/riscv_pipe/riscv_pipelined_implt/riscv_pipe_implt/riscv_pipe_implt.srcs/sources_1/new/imem.v:6]
CRITICAL WARNING: [Synth 8-6859] multi-driven net on pin instrf_IBUF[24] with 1st driver pin 'instrf_IBUF[24]_inst/O' [/media/nisitha/My_Passport/MOODLE/Vivado_projects/Pipelined_RISCv/riscv_pipe/riscv_pipelined_implt/riscv_pipe_implt/riscv_pipe_implt.srcs/sources_1/new/top_module.v:1]
CRITICAL WARNING: [Synth 8-6859] multi-driven net on pin instrf_IBUF[24] with 2nd driver pin 'instrd[24]_i_2/O' [/media/nisitha/My_Passport/MOODLE/Vivado_projects/Pipelined_RISCv/riscv_pipe/riscv_pipelined_implt/riscv_pipe_implt/riscv_pipe_implt.srcs/sources_1/new/imem.v:6]
CRITICAL WARNING: [Synth 8-6859] multi-driven net on pin instrf_IBUF[25] with 1st driver pin 'instrf_IBUF[25]_inst/O' [/media/nisitha/My_Passport/MOODLE/Vivado_projects/Pipelined_RISCv/riscv_pipe/riscv_pipelined_implt/riscv_pipe_implt/riscv_pipe_implt.srcs/sources_1/new/top_module.v:1]
CRITICAL WARNING: [Synth 8-6859] multi-driven net on pin instrf_IBUF[25] with 2nd driver pin 'instrd[25]_i_2/O' [/media/nisitha/My_Passport/MOODLE/Vivado_projects/Pipelined_RISCv/riscv_pipe/riscv_pipelined_implt/riscv_pipe_implt/riscv_pipe_implt.srcs/sources_1/new/imem.v:6]
CRITICAL WARNING: [Synth 8-6859] multi-driven net on pin instrf_IBUF[26] with 1st driver pin 'instrf_IBUF[26]_inst/O' [/media/nisitha/My_Passport/MOODLE/Vivado_projects/Pipelined_RISCv/riscv_pipe/riscv_pipelined_implt/riscv_pipe_implt/riscv_pipe_implt.srcs/sources_1/new/top_module.v:1]
CRITICAL WARNING: [Synth 8-6859] multi-driven net on pin instrf_IBUF[26] with 2nd driver pin 'instrd[26]_i_2/O' [/media/nisitha/My_Passport/MOODLE/Vivado_projects/Pipelined_RISCv/riscv_pipe/riscv_pipelined_implt/riscv_pipe_implt/riscv_pipe_implt.srcs/sources_1/new/imem.v:6]
CRITICAL WARNING: [Synth 8-6859] multi-driven net on pin instrf_IBUF[27] with 1st driver pin 'instrf_IBUF[27]_inst/O' [/media/nisitha/My_Passport/MOODLE/Vivado_projects/Pipelined_RISCv/riscv_pipe/riscv_pipelined_implt/riscv_pipe_implt/riscv_pipe_implt.srcs/sources_1/new/top_module.v:1]
CRITICAL WARNING: [Synth 8-6859] multi-driven net on pin instrf_IBUF[27] with 2nd driver pin 'instrd[27]_i_2/O' [/media/nisitha/My_Passport/MOODLE/Vivado_projects/Pipelined_RISCv/riscv_pipe/riscv_pipelined_implt/riscv_pipe_implt/riscv_pipe_implt.srcs/sources_1/new/imem.v:6]
CRITICAL WARNING: [Synth 8-6859] multi-driven net on pin instrf_IBUF[28] with 1st driver pin 'instrf_IBUF[28]_inst/O' [/media/nisitha/My_Passport/MOODLE/Vivado_projects/Pipelined_RISCv/riscv_pipe/riscv_pipelined_implt/riscv_pipe_implt/riscv_pipe_implt.srcs/sources_1/new/top_module.v:1]
CRITICAL WARNING: [Synth 8-6859] multi-driven net on pin instrf_IBUF[28] with 2nd driver pin 'instrd[28]_i_2/O' [/media/nisitha/My_Passport/MOODLE/Vivado_projects/Pipelined_RISCv/riscv_pipe/riscv_pipelined_implt/riscv_pipe_implt/riscv_pipe_implt.srcs/sources_1/new/imem.v:6]
CRITICAL WARNING: [Synth 8-6859] multi-driven net on pin instrf_IBUF[29] with 1st driver pin 'instrf_IBUF[29]_inst/O' [/media/nisitha/My_Passport/MOODLE/Vivado_projects/Pipelined_RISCv/riscv_pipe/riscv_pipelined_implt/riscv_pipe_implt/riscv_pipe_implt.srcs/sources_1/new/top_module.v:1]
CRITICAL WARNING: [Synth 8-6859] multi-driven net on pin instrf_IBUF[29] with 2nd driver pin 'instrd[29]_i_2/O' [/media/nisitha/My_Passport/MOODLE/Vivado_projects/Pipelined_RISCv/riscv_pipe/riscv_pipelined_implt/riscv_pipe_implt/riscv_pipe_implt.srcs/sources_1/new/imem.v:6]
CRITICAL WARNING: [Synth 8-6859] multi-driven net on pin instrf_IBUF[30] with 1st driver pin 'instrf_IBUF[30]_inst/O' [/media/nisitha/My_Passport/MOODLE/Vivado_projects/Pipelined_RISCv/riscv_pipe/riscv_pipelined_implt/riscv_pipe_implt/riscv_pipe_implt.srcs/sources_1/new/top_module.v:1]
CRITICAL WARNING: [Synth 8-6859] multi-driven net on pin instrf_IBUF[30] with 2nd driver pin 'instrd[30]_i_2/O' [/media/nisitha/My_Passport/MOODLE/Vivado_projects/Pipelined_RISCv/riscv_pipe/riscv_pipelined_implt/riscv_pipe_implt/riscv_pipe_implt.srcs/sources_1/new/imem.v:6]
CRITICAL WARNING: [Synth 8-6859] multi-driven net on pin instrf_IBUF[31] with 1st driver pin 'instrf_IBUF[31]_inst/O' [/media/nisitha/My_Passport/MOODLE/Vivado_projects/Pipelined_RISCv/riscv_pipe/riscv_pipelined_implt/riscv_pipe_implt/riscv_pipe_implt.srcs/sources_1/new/top_module.v:1]
CRITICAL WARNING: [Synth 8-6859] multi-driven net on pin instrf_IBUF[31] with 2nd driver pin 'instrd[31]_i_5/O' [/media/nisitha/My_Passport/MOODLE/Vivado_projects/Pipelined_RISCv/riscv_pipe/riscv_pipelined_implt/riscv_pipe_implt/riscv_pipe_implt.srcs/sources_1/new/imem.v:6]

Report Check Netlist: 
+------+------------------+-------+---------+-------+------------------+
|      |Item              |Errors |Warnings |Status |Description       |
+------+------------------+-------+---------+-------+------------------+
|1     |multi_driven_nets |      0|       32|Failed |Multi driven nets |
+------+------------------+-------+---------+-------+------------------+
---------------------------------------------------------------------------------
Start Rebuilding User Hierarchy
---------------------------------------------------------------------------------
---------------------------------------------------------------------------------
Finished Rebuilding User Hierarchy : Time (s): cpu = 00:01:13 ; elapsed = 00:01:19 . Memory (MB): peak = 2120.285 ; gain = 707.758 ; free physical = 181 ; free virtual = 4359
---------------------------------------------------------------------------------
---------------------------------------------------------------------------------
Start Renaming Generated Ports
---------------------------------------------------------------------------------
---------------------------------------------------------------------------------
Finished Renaming Generated Ports : Time (s): cpu = 00:01:13 ; elapsed = 00:01:19 . Memory (MB): peak = 2120.285 ; gain = 707.758 ; free physical = 181 ; free virtual = 4359
---------------------------------------------------------------------------------
---------------------------------------------------------------------------------
Start Handling Custom Attributes
---------------------------------------------------------------------------------
---------------------------------------------------------------------------------
Finished Handling Custom Attributes : Time (s): cpu = 00:01:13 ; elapsed = 00:01:19 . Memory (MB): peak = 2120.285 ; gain = 707.758 ; free physical = 181 ; free virtual = 4358
---------------------------------------------------------------------------------
---------------------------------------------------------------------------------
Start Renaming Generated Nets
---------------------------------------------------------------------------------
---------------------------------------------------------------------------------
Finished Renaming Generated Nets : Time (s): cpu = 00:01:13 ; elapsed = 00:01:19 . Memory (MB): peak = 2120.285 ; gain = 707.758 ; free physical = 181 ; free virtual = 4358
---------------------------------------------------------------------------------
---------------------------------------------------------------------------------
Start Writing Synthesis Report
---------------------------------------------------------------------------------

Report BlackBoxes: 
+-+--------------+----------+
| |BlackBox name |Instances |
+-+--------------+----------+
+-+--------------+----------+

Report Cell Usage: 
+------+----------+------+
|      |Cell      |Count |
+------+----------+------+
|1     |BUFG      |     1|
|2     |CARRY4    |    36|
|3     |LUT1      |    25|
|4     |LUT2      |   226|
|5     |LUT3      |   142|
|6     |LUT4      |    98|
|7     |LUT5      |   274|
|8     |LUT6      |   413|
|9     |MUXF7     |     1|
|10    |RAM256X1S |    32|
|11    |RAM32M    |    10|
|12    |RAM32X1D  |     4|
|13    |FDCE      |   512|
|14    |IBUF      |    34|
|15    |OBUF      |   129|
+------+----------+------+

Report Instance Areas: 
+------+--------------------+-------------+------+
|      |Instance            |Module       |Cells |
+------+--------------------+-------------+------+
|1     |top                 |             |  1937|
|2     |  dmem_inst         |dmem         |    32|
|3     |  imem_inst         |imem         |    16|
|4     |  rv                |riscv_module |  1724|
|5     |    controller_01   |controller   |   132|
|6     |      pipreg_d_to_e |c_id_iex     |   125|
|7     |      pipreg_e_to_m |c_iex_im     |     4|
|8     |      pipreg_m_to_w |c_im_iw      |     3|
|9     |    datapath_01     |datapath     |  1592|
|10    |      u_alu         |alu          |    12|
|11    |      u_id_iex      |id_iex       |   611|
|12    |      u_iex_imem    |iex_imem     |   297|
|13    |      u_if          |flopenr      |   161|
|14    |      u_if_id       |if_id        |   219|
|15    |      u_imem_iw     |imem_iw      |   159|
|16    |      u_pcadd4      |adder        |    36|
|17    |      u_pcaddbranch |adder_0      |    19|
|18    |      u_rf          |regfile      |    78|
+------+--------------------+-------------+------+
---------------------------------------------------------------------------------
Finished Writing Synthesis Report : Time (s): cpu = 00:01:13 ; elapsed = 00:01:19 . Memory (MB): peak = 2120.285 ; gain = 707.758 ; free physical = 181 ; free virtual = 4358
---------------------------------------------------------------------------------
Synthesis finished with 0 errors, 64 critical warnings and 34 warnings.
Synthesis Optimization Runtime : Time (s): cpu = 00:01:13 ; elapsed = 00:01:19 . Memory (MB): peak = 2120.285 ; gain = 707.758 ; free physical = 180 ; free virtual = 4358
Synthesis Optimization Complete : Time (s): cpu = 00:01:13 ; elapsed = 00:01:19 . Memory (MB): peak = 2120.293 ; gain = 707.758 ; free physical = 180 ; free virtual = 4357
INFO: [Project 1-571] Translating synthesized netlist
Netlist sorting complete. Time (s): cpu = 00:00:00.06 ; elapsed = 00:00:00.06 . Memory (MB): peak = 2123.254 ; gain = 0.000 ; free physical = 453 ; free virtual = 4631
INFO: [Netlist 29-17] Analyzing 83 Unisim elements for replacement
INFO: [Netlist 29-28] Unisim Transformation completed in 0 CPU seconds
INFO: [Project 1-570] Preparing netlist for logic optimization
INFO: [Opt 31-138] Pushed 1 inverter(s) to 14 load pin(s).
Netlist sorting complete. Time (s): cpu = 00:00:00.01 ; elapsed = 00:00:00 . Memory (MB): peak = 2213.094 ; gain = 0.000 ; free physical = 450 ; free virtual = 4617
INFO: [Project 1-111] Unisim Transformation Summary:
  A total of 46 instances were transformed.
  RAM256X1S => RAM256X1S (MUXF7(x2), MUXF8, RAMS64E(x4)): 32 instances
  RAM32M => RAM32M (inverted pins: WCLK) (RAMD32(x6), RAMS32(x2)): 10 instances
  RAM32X1D => RAM32X1D (inverted pins: WCLK) (RAMD32(x2)): 4 instances

Synth Design complete | Checksum: e87fb62d
INFO: [Common 17-83] Releasing license: Synthesis
63 Infos, 36 Warnings, 64 Critical Warnings and 0 Errors encountered.
synth_design completed successfully
synth_design: Time (s): cpu = 00:01:26 ; elapsed = 00:01:26 . Memory (MB): peak = 2213.129 ; gain = 810.508 ; free physical = 423 ; free virtual = 4607
INFO: [Common 17-2834] synth_design peak Physical Memory [PSS] (MB): overall = 1899.449; main = 1630.697; forked = 414.191
INFO: [Common 17-2834] synth_design peak Virtual Memory [VSS] (MB): overall = 3116.910; main = 2213.098; forked = 996.621
INFO: [runtcl-6] Synthesis results are not added to the cache due to CRITICAL_WARNING
Write ShapeDB Complete: Time (s): cpu = 00:00:00.04 ; elapsed = 00:00:00.02 . Memory (MB): peak = 2237.105 ; gain = 0.000 ; free physical = 424 ; free virtual = 4608
INFO: [Common 17-1381] The checkpoint '/media/nisitha/My_Passport/MOODLE/Vivado_projects/Pipelined_RISCv/riscv_pipe/riscv_pipelined_implt/riscv_pipe_implt.runs/synth_1/top_module.dcp' has been generated.
INFO: [runtcl-4] Executing : report_utilization -file top_module_utilization_synth.rpt -pb top_module_utilization_synth.pb
INFO: [Common 17-206] Exiting Vivado at Tue Aug 19 17:48:32 2025...
