Time resolution is 1 ps
Simulation starts!
[25000] Addr = 0x00000000, WriteData = 0x00000000, MemWrite = 0
[35000] Addr = 0x00000000, WriteData = 0x00000000, MemWrite = 0
[45000] Addr = 0x00000000, WriteData = 0x00000000, MemWrite = 0
[55000] Addr = 0xxxxxxxxx, WriteData = 0xxxxxxxxx, MemWrite = 0
[65000] Addr = 0xxxxxxxxx, WriteData = 0xxxxxxxxx, MemWrite = 0
[75000] Addr = 0xxxxxxxxx, WriteData = 0xxxxxxxxx, MemWrite = 0
[85000] Addr = 0xxxxxxxxx, WriteData = 0xxxxxxxxx, MemWrite = 0
[95000] Addr = 0xxxxxxxxx, WriteData = 0xxxxxxxxx, MemWrite = 0
[105000] Addr = 0xxxxxxxxx, WriteData = 0xxxxxxxxx, MemWrite = 0
[115000] Addr = 0xxxxxxxxx, WriteData = 0xxxxxxxxx, MemWrite = 0
[125000] Addr = 0x0000000X, WriteData = 0xxxxxxxxx, MemWrite = 0
[135000] Addr = 0xxxxxxxxx, WriteData = 0x00000000, MemWrite = 0
[145000] Addr = 0xxxxxxxxx, WriteData = 0xxxxxxxxx, MemWrite = 0
[155000] Addr = 0xxxxxxxxx, WriteData = 0xxxxxxxxx, MemWrite = 0
[165000] Addr = 0xxxxxxxxx, WriteData = 0xxxxxxxxx, MemWrite = 0
[175000] Addr = 0xxxxxxxxx, WriteData = 0xxxxxxxxx, MemWrite = 0
[185000] Addr = 0xxxxxxxxx, WriteData = 0xxxxxxxxx, MemWrite = 0
[195000] Addr = 0xxxxxxxxx, WriteData = 0xxxxxxxxx, MemWrite = 0
[205000] Addr = 0xxxxxxxxx, WriteData = 0xxxxxxxxx, MemWrite = 0
[215000] Addr = 0xxxxxxxxx, WriteData = 0xxxxxxxxx, MemWrite = 0
[225000] Addr = 0xxxxxxxxx, WriteData = 0xxxxxxxxx, MemWrite = 0
[235000] Addr = 0xxxxxxxxx, WriteData = 0xxxxxxxxx, MemWrite = 0
[245000] Addr = 0xxxxxxxxx, WriteData = 0xxxxxxxxx, MemWrite = 0
[255000] Addr = 0xxxxxxxxx, WriteData = 0xxxxxxxxx, MemWrite = 0
[265000] Addr = 0xxxxxxxxx, WriteData = 0xxxxxxxxx, MemWrite = 0
[275000] Addr = 0xxxxxxxxx, WriteData = 0xxxxxxxxx, MemWrite = 0
[285000] Addr = 0xxxxxxxxx, WriteData = 0xxxxxxxxx, MemWrite = 0
[295000] Addr = 0xxxxxxxxx, WriteData = 0xxxxxxxxx, MemWrite = 0
[305000] Addr = 0xxxxxxxxx, WriteData = 0xxxxxxxxx, MemWrite = 0
[315000] Addr = 0xxxxxxxxx, WriteData = 0xxxxxxxxx, MemWrite = 0
[325000] Addr = 0xxxxxxxxx, WriteData = 0xxxxxxxxx, MemWrite = 0
[335000] Addr = 0xxxxxxxxx, WriteData = 0xxxxxxxxx, MemWrite = 0
[345000] Addr = 0xxxxxxxxx, WriteData = 0xxxxxxxxx, MemWrite = 0
[355000] Addr = 0xxxxxxxxx, WriteData = 0xxxxxxxxx, MemWrite = 0
[365000] Addr = 0xxxxxxxxx, WriteData = 0xxxxxxxxx, MemWrite = 0
[375000] Addr = 0xxxxxxxxx, WriteData = 0xxxxxxxxx, MemWrite = 0
[385000] Addr = 0xxxxxxxxx, WriteData = 0xxxxxxxxx, MemWrite = 0
[395000] Addr = 0xxxxxxxxx, WriteData = 0xxxxxxxxx, MemWrite = 0
[405000] Addr = 0xxxxxxxxx, WriteData = 0xxxxxxxxx, MemWrite = 0
[415000] Addr = 0xxxxxxxxx, WriteData = 0xxxxxxxxx, MemWrite = 0
[425000] Addr = 0xxxxxxxxx, WriteData = 0xxxxxxxxx, MemWrite = 0
[435000] Addr = 0xxxxxxxxx, WriteData = 0xxxxxxxxx, MemWrite = 0
[445000] Addr = 0xxxxxxxxx, WriteData = 0xxxxxxxxx, MemWrite = 0
[455000] Addr = 0xxxxxxxxx, WriteData = 0xxxxxxxxx, MemWrite = 0
[465000] Addr = 0xxxxxxxxx, WriteData = 0xxxxxxxxx, MemWrite = 0
[475000] Addr = 0xxxxxxxxx, WriteData = 0xxxxxxxxx, MemWrite = 0
[485000] Addr = 0xxxxxxxxx, WriteData = 0xxxxxxxxx, MemWrite = 0
[495000] Addr = 0xxxxxxxxx, WriteData = 0xxxxxxxxx, MemWrite = 0
[505000] Addr = 0xxxxxxxxx, WriteData = 0xxxxxxxxx, MemWrite = 0
[515000] Addr = 0xxxxxxxxx, WriteData = 0xxxxxxxxx, MemWrite = 0
[525000] Addr = 0xxxxxxxxx, WriteData = 0xxxxxxxxx, MemWrite = 0
[535000] Addr = 0xxxxxxxxx, WriteData = 0xxxxxxxxx, MemWrite = 0
[545000] Addr = 0xxxxxxxxx, WriteData = 0xxxxxxxxx, MemWrite = 0
[555000] Addr = 0xxxxxxxxx, WriteData = 0xxxxxxxxx, MemWrite = 0
[565000] Addr = 0xxxxxxxxx, WriteData = 0xxxxxxxxx, MemWrite = 0
[575000] Addr = 0xxxxxxxxx, WriteData = 0xxxxxxxxx, MemWrite = 0
[585000] Addr = 0xxxxxxxxx, WriteData = 0xxxxxxxxx, MemWrite = 0
[595000] Addr = 0xxxxxxxxx, WriteData = 0xxxxxxxxx, MemWrite = 0
[605000] Addr = 0xxxxxxxxx, WriteData = 0xxxxxxxxx, MemWrite = 0
[615000] Addr = 0xxxxxxxxx, WriteData = 0xxxxxxxxx, MemWrite = 0
[625000] Addr = 0xxxxxxxxx, WriteData = 0xxxxxxxxx, MemWrite = 0
[635000] Addr = 0xxxxxxxxx, WriteData = 0xxxxxxxxx, MemWrite = 0
[645000] Addr = 0xxxxxxxxx, WriteData = 0xxxxxxxxx, MemWrite = 0
[655000] Addr = 0xxxxxxxxx, WriteData = 0xxxxxxxxx, MemWrite = 0
[665000] Addr = 0xxxxxxxxx, WriteData = 0xxxxxxxxx, MemWrite = 0
[675000] Addr = 0xxxxxxxxx, WriteData = 0xxxxxxxxx, MemWrite = 0
[685000] Addr = 0xxxxxxxxx, WriteData = 0xxxxxxxxx, MemWrite = 0
[695000] Addr = 0xxxxxxxxx, WriteData = 0xxxxxxxxx, MemWrite = 0
[705000] Addr = 0xxxxxxxxx, WriteData = 0xxxxxxxxx, MemWrite = 0
[715000] Addr = 0xxxxxxxxx, WriteData = 0xxxxxxxxx, MemWrite = 0
[725000] Addr = 0xxxxxxxxx, WriteData = 0xxxxxxxxx, MemWrite = 0
[735000] Addr = 0xxxxxxxxx, WriteData = 0xxxxxxxxx, MemWrite = 0
[745000] Addr = 0xxxxxxxxx, WriteData = 0xxxxxxxxx, MemWrite = 0
[755000] Addr = 0xxxxxxxxx, WriteData = 0xxxxxxxxx, MemWrite = 0
[765000] Addr = 0xxxxxxxxx, WriteData = 0xxxxxxxxx, MemWrite = 0
[775000] Addr = 0xxxxxxxxx, WriteData = 0xxxxxxxxx, MemWrite = 0
[785000] Addr = 0xxxxxxxxx, WriteData = 0xxxxxxxxx, MemWrite = 0
[795000] Addr = 0xxxxxxxxx, WriteData = 0xxxxxxxxx, MemWrite = 0
[805000] Addr = 0xxxxxxxxx, WriteData = 0xxxxxxxxx, MemWrite = 0
[815000] Addr = 0xxxxxxxxx, WriteData = 0xxxxxxxxx, MemWrite = 0
[825000] Addr = 0xxxxxxxxx, WriteData = 0xxxxxxxxx, MemWrite = 0
[835000] Addr = 0xxxxxxxxx, WriteData = 0xxxxxxxxx, MemWrite = 0
[845000] Addr = 0xxxxxxxxx, WriteData = 0xxxxxxxxx, MemWrite = 0
[855000] Addr = 0xxxxxxxxx, WriteData = 0xxxxxxxxx, MemWrite = 0
[865000] Addr = 0xxxxxxxxx, WriteData = 0xxxxxxxxx, MemWrite = 0
[875000] Addr = 0xxxxxxxxx, WriteData = 0xxxxxxxxx, MemWrite = 0
[885000] Addr = 0xxxxxxxxx, WriteData = 0xxxxxxxxx, MemWrite = 0
[895000] Addr = 0xxxxxxxxx, WriteData = 0xxxxxxxxx, MemWrite = 0
[905000] Addr = 0xxxxxxxxx, WriteData = 0xxxxxxxxx, MemWrite = 0
[915000] Addr = 0xxxxxxxxx, WriteData = 0xxxxxxxxx, MemWrite = 0
[925000] Addr = 0xxxxxxxxx, WriteData = 0xxxxxxxxx, MemWrite = 0
[935000] Addr = 0xxxxxxxxx, WriteData = 0xxxxxxxxx, MemWrite = 0
[945000] Addr = 0xxxxxxxxx, WriteData = 0xxxxxxxxx, MemWrite = 0
[955000] Addr = 0xxxxxxxxx, WriteData = 0xxxxxxxxx, MemWrite = 0
[965000] Addr = 0xxxxxxxxx, WriteData = 0xxxxxxxxx, MemWrite = 0
[975000] Addr = 0xxxxxxxxx, WriteData = 0xxxxxxxxx, MemWrite = 0
[985000] Addr = 0xxxxxxxxx, WriteData = 0xxxxxxxxx, MemWrite = 0
[995000] Addr = 0xxxxxxxxx, WriteData = 0xxxxxxxxx, MemWrite = 0
