INFO: [VRFC 10-2263] Analyzing Verilog file "/media/nisitha/My_Passport/MOODLE/Vivado_projects/Pipelined_RISCv/riscv_pipe/riscv_pipelined_implt/riscv_pipe_implt/riscv_pipe_implt.srcs/sources_1/new/adder.v" into library xil_defaultlib
INFO: [VRFC 10-311] analyzing module adder
INFO: [VRFC 10-2263] Analyzing Verilog file "/media/nisitha/My_Passport/MOODLE/Vivado_projects/Pipelined_RISCv/riscv_pipe/riscv_pipelined_implt/riscv_pipe_implt/riscv_pipe_implt.srcs/sources_1/new/alu.v" into library xil_defaultlib
INFO: [VRFC 10-311] analyzing module alu
WARNING: [VRFC 10-9336] redeclaration of ANSI port 'aluresult' is not allowed [/media/nisitha/My_Passport/MOODLE/Vivado_projects/Pipelined_RISCv/riscv_pipe/riscv_pipelined_implt/riscv_pipe_implt/riscv_pipe_implt.srcs/sources_1/new/alu.v:10]
INFO: [VRFC 10-2263] Analyzing Verilog file "/media/nisitha/My_Passport/MOODLE/Vivado_projects/Pipelined_RISCv/riscv_pipe/riscv_pipelined_implt/riscv_pipe_implt/riscv_pipe_implt.srcs/sources_1/new/aludec.v" into library xil_defaultlib
INFO: [VRFC 10-311] analyzing module aludec
INFO: [VRFC 10-2263] Analyzing Verilog file "/media/nisitha/My_Passport/MOODLE/Vivado_projects/Pipelined_RISCv/riscv_pipe/riscv_pipelined_implt/riscv_pipe_implt/riscv_pipe_implt.srcs/sources_1/new/c_id_iex.v" into library xil_defaultlib
INFO: [VRFC 10-311] analyzing module c_id_iex
INFO: [VRFC 10-2263] Analyzing Verilog file "/media/nisitha/My_Passport/MOODLE/Vivado_projects/Pipelined_RISCv/riscv_pipe/riscv_pipelined_implt/riscv_pipe_implt/riscv_pipe_implt.srcs/sources_1/new/c_iex_im.v" into library xil_defaultlib
INFO: [VRFC 10-311] analyzing module c_iex_im
INFO: [VRFC 10-2263] Analyzing Verilog file "/media/nisitha/My_Passport/MOODLE/Vivado_projects/Pipelined_RISCv/riscv_pipe/riscv_pipelined_implt/riscv_pipe_implt/riscv_pipe_implt.srcs/sources_1/new/c_im_iw.v" into library xil_defaultlib
INFO: [VRFC 10-311] analyzing module c_im_iw
INFO: [VRFC 10-2263] Analyzing Verilog file "/media/nisitha/My_Passport/MOODLE/Vivado_projects/Pipelined_RISCv/riscv_pipe/riscv_pipelined_implt/riscv_pipe_implt/riscv_pipe_implt.srcs/sources_1/new/controller.v" into library xil_defaultlib
INFO: [VRFC 10-311] analyzing module controller
INFO: [VRFC 10-2263] Analyzing Verilog file "/media/nisitha/My_Passport/MOODLE/Vivado_projects/Pipelined_RISCv/riscv_pipe/riscv_pipelined_implt/riscv_pipe_implt/riscv_pipe_implt.srcs/sources_1/new/datapath.v" into library xil_defaultlib
INFO: [VRFC 10-311] analyzing module datapath
INFO: [VRFC 10-2263] Analyzing Verilog file "/media/nisitha/My_Passport/MOODLE/Vivado_projects/Pipelined_RISCv/riscv_pipe/riscv_pipelined_implt/riscv_pipe_implt/riscv_pipe_implt.srcs/sources_1/new/dmem.v" into library xil_defaultlib
INFO: [VRFC 10-311] analyzing module dmem
INFO: [VRFC 10-2263] Analyzing Verilog file "/media/nisitha/My_Passport/MOODLE/Vivado_projects/Pipelined_RISCv/riscv_pipe/riscv_pipelined_implt/riscv_pipe_implt/riscv_pipe_implt.srcs/sources_1/new/extend.v" into library xil_defaultlib
INFO: [VRFC 10-311] analyzing module extend
INFO: [VRFC 10-2263] Analyzing Verilog file "/media/nisitha/My_Passport/MOODLE/Vivado_projects/Pipelined_RISCv/riscv_pipe/riscv_pipelined_implt/riscv_pipe_implt/riscv_pipe_implt.srcs/sources_1/new/flopenr.v" into library xil_defaultlib
INFO: [VRFC 10-311] analyzing module flopenr
INFO: [VRFC 10-2263] Analyzing Verilog file "/media/nisitha/My_Passport/MOODLE/Vivado_projects/Pipelined_RISCv/riscv_pipe/riscv_pipelined_implt/riscv_pipe_implt/riscv_pipe_implt.srcs/sources_1/new/hazardunit.v" into library xil_defaultlib
INFO: [VRFC 10-311] analyzing module hazardunit
INFO: [VRFC 10-2263] Analyzing Verilog file "/media/nisitha/My_Passport/MOODLE/Vivado_projects/Pipelined_RISCv/riscv_pipe/riscv_pipelined_implt/riscv_pipe_implt/riscv_pipe_implt.srcs/sources_1/new/id_iex.v" into library xil_defaultlib
INFO: [VRFC 10-311] analyzing module id_iex
INFO: [VRFC 10-2263] Analyzing Verilog file "/media/nisitha/My_Passport/MOODLE/Vivado_projects/Pipelined_RISCv/riscv_pipe/riscv_pipelined_implt/riscv_pipe_implt/riscv_pipe_implt.srcs/sources_1/new/iex_imem.v" into library xil_defaultlib
INFO: [VRFC 10-311] analyzing module iex_imem
INFO: [VRFC 10-2263] Analyzing Verilog file "/media/nisitha/My_Passport/MOODLE/Vivado_projects/Pipelined_RISCv/riscv_pipe/riscv_pipelined_implt/riscv_pipe_implt/riscv_pipe_implt.srcs/sources_1/new/if_id.v" into library xil_defaultlib
INFO: [VRFC 10-311] analyzing module if_id
INFO: [VRFC 10-2263] Analyzing Verilog file "/media/nisitha/My_Passport/MOODLE/Vivado_projects/Pipelined_RISCv/riscv_pipe/riscv_pipelined_implt/riscv_pipe_implt/riscv_pipe_implt.srcs/sources_1/new/imem.v" into library xil_defaultlib
INFO: [VRFC 10-311] analyzing module imem
INFO: [VRFC 10-2263] Analyzing Verilog file "/media/nisitha/My_Passport/MOODLE/Vivado_projects/Pipelined_RISCv/riscv_pipe/riscv_pipelined_implt/riscv_pipe_implt/riscv_pipe_implt.srcs/sources_1/new/imem_iw.v" into library xil_defaultlib
INFO: [VRFC 10-311] analyzing module imem_iw
INFO: [VRFC 10-2263] Analyzing Verilog file "/media/nisitha/My_Passport/MOODLE/Vivado_projects/Pipelined_RISCv/riscv_pipe/riscv_pipelined_implt/riscv_pipe_implt/riscv_pipe_implt.srcs/sources_1/new/maindec.v" into library xil_defaultlib
INFO: [VRFC 10-311] analyzing module maindec
INFO: [VRFC 10-2263] Analyzing Verilog file "/media/nisitha/My_Passport/MOODLE/Vivado_projects/Pipelined_RISCv/riscv_pipe/riscv_pipelined_implt/riscv_pipe_implt/riscv_pipe_implt.srcs/sources_1/new/mux2.v" into library xil_defaultlib
INFO: [VRFC 10-311] analyzing module mux2
INFO: [VRFC 10-2263] Analyzing Verilog file "/media/nisitha/My_Passport/MOODLE/Vivado_projects/Pipelined_RISCv/riscv_pipe/riscv_pipelined_implt/riscv_pipe_implt/riscv_pipe_implt.srcs/sources_1/new/mux3.v" into library xil_defaultlib
INFO: [VRFC 10-311] analyzing module mux3
INFO: [VRFC 10-2263] Analyzing Verilog file "/media/nisitha/My_Passport/MOODLE/Vivado_projects/Pipelined_RISCv/riscv_pipe/riscv_pipelined_implt/riscv_pipe_implt/riscv_pipe_implt.srcs/sources_1/new/regfile.v" into library xil_defaultlib
INFO: [VRFC 10-311] analyzing module regfile
INFO: [VRFC 10-2263] Analyzing Verilog file "/media/nisitha/My_Passport/MOODLE/Vivado_projects/Pipelined_RISCv/riscv_pipe/riscv_pipelined_implt/riscv_pipe_implt/riscv_pipe_implt.srcs/sources_1/new/riscv_module.v" into library xil_defaultlib
INFO: [VRFC 10-311] analyzing module riscv_module
INFO: [VRFC 10-2263] Analyzing Verilog file "/media/nisitha/My_Passport/MOODLE/Vivado_projects/Pipelined_RISCv/riscv_pipe/riscv_pipelined_implt/riscv_pipe_implt/riscv_pipe_implt.srcs/sources_1/new/top_module.v" into library xil_defaultlib
INFO: [VRFC 10-311] analyzing module top_module
INFO: [VRFC 10-2263] Analyzing Verilog file "/media/nisitha/My_Passport/MOODLE/Vivado_projects/Pipelined_RISCv/riscv_pipe/riscv_pipelined_implt/riscv_pipe_implt/riscv_pipe_implt.srcs/sim_1/new/tb_top_module.v" into library xil_defaultlib
INFO: [VRFC 10-311] analyzing module tb_top_module
